<?xml version="1.0" encoding="UTF-8"?>
<!-- Generated by org.testng.reporters.JUnitXMLReporter -->
<testsuite hostname="PRASHANT-PC" name="Sample Test" tests="2" failures="1" timestamp="13 Aug 2016 19:57:44 GMT" time="0.03" errors="0">
  <testcase name="testFunc" time="0.003" classname="test.NewTest"/>
  <testcase name="testFunc1" time="0.001" classname="test.NewTest">
    <failure type="java.lang.AssertionError">
      <![CDATA[java.lang.AssertionError
	at test.NewTest.testFunc1(Unknown Source)
... Removed 23 stack frames]]>
    </failure>
  </testcase> <!-- testFunc1 -->
</testsuite> <!-- Sample Test -->
